<?xml version="1.0" encoding="UTF-8"?>
<!-- Generated by org.testng.reporters.JUnitReportReporter -->
<testsuite hostname="LAPTOP-6UU6T67A" failures="0" tests="2" name="Framework.Sample" time="0.021" errors="0" timestamp="2023-03-23T11:51:06 IST" skipped="0">
  <testcase classname="Framework.Sample" name="modifyContact" time="0.001"/>
  <system-out/>
  <testcase classname="Framework.Sample" name="createContact" time="0.020"/>
  <system-out/>
</testsuite> <!-- Framework.Sample -->
